1551637441270	geckodriver	INFO	geckodriver 0.19.1
1551637441283	geckodriver	INFO	Listening on 127.0.0.1:33411
1551637442576	mozrunner::runner	INFO	Running command: "/usr/bin/firefox" "-marionette" "-headless" "-profile" "/tmp/rust_mozprofile.dyearH2ajNjP"
*** You are running in headless mode.
1551637444331	addons.webextension.screenshots@mozilla.org	WARN	Loading extension 'screenshots@mozilla.org': Reading manifest: Invalid host permission: resource://pdf.js/
1551637444332	addons.webextension.screenshots@mozilla.org	WARN	Loading extension 'screenshots@mozilla.org': Reading manifest: Invalid host permission: about:reader*
1551637444946	Marionette	TRACE	Received observer notification profile-after-change
1551637445162	Marionette	TRACE	Received observer notification command-line-startup
1551637445162	Marionette	TRACE	Received observer notification nsPref:changed
1551637445162	Marionette	DEBUG	Init aborted (running=false, enabled=true, finalUIStartup=false)
1551637445571	Marionette	TRACE	Received observer notification toplevel-window-ready
1551637448252	Marionette	TRACE	Received observer notification sessionstore-windows-restored
1551637448254	Marionette	TRACE	Waiting until startup recorder finished recording startup scripts...
1551637449451	Marionette	TRACE	All scripts recorded.
1551637449452	Marionette	DEBUG	Setting recommended pref app.update.disabledForTesting to true
1551637449453	Marionette	DEBUG	Setting recommended pref browser.contentblocking.introCount to 99
1551637449456	Marionette	DEBUG	Setting recommended pref datareporting.policy.dataSubmissionPolicyAccepted to false
1551637449457	Marionette	DEBUG	Setting recommended pref dom.disable_beforeunload to true
1551637449459	Marionette	DEBUG	Setting recommended pref toolkit.cosmeticAnimations.enabled to false
1551637449668	Marionette	INFO	Listening on port 45993
1551637449668	Marionette	DEBUG	Remote service is active
1551637449759	Marionette	DEBUG	Accepted connection 0 from 127.0.0.1:33354
1551637449775	Marionette	DEBUG	0 -> [0,1,"newSession",{"acceptInsecureCerts":true,"browserName":"firefox","capabilities":{"desiredCapabilities":{"acceptInsecureCerts":true,"browserName":"firefox"}}}]
1551637449777	Marionette	DEBUG	0 <- [1,1,{"error":"unknown command","message":"newSession","stacktrace":"WebDriverError@chrome://marionette/content/error.js:179: ... et@chrome://marionette/content/server.js:236:8\n_onJSONObjectReady/<@chrome://marionette/content/transport.js:490:9\n"},null]
Exiting due to channel error.
[GFX1-]: Receive IPC close with reason=AbnormalShutdown
Exiting due to channel error.
Sandbox: Unexpected EOF, op 0 flags 00 path /usr/share/locale/en_US/LC_MESSAGES/libc.mo
[Child 4595, Chrome_ChildThread] WARNING: pipe error (3): Connection reset by peer: file /build/firefox-5TPFUC/firefox-65.0.1+build2/ipc/chromium/src/chrome/common/ipc_channel_posix.cc, line 349
Exiting due to channel error.
1551637545766	geckodriver	INFO	geckodriver 0.19.1
1551637545780	geckodriver	INFO	Listening on 127.0.0.1:43337
1551637547066	mozrunner::runner	INFO	Running command: "/usr/bin/firefox" "-marionette" "-headless" "-profile" "/tmp/rust_mozprofile.VfJEaiMH3zz6"
*** You are running in headless mode.
1551637548419	addons.webextension.screenshots@mozilla.org	WARN	Loading extension 'screenshots@mozilla.org': Reading manifest: Invalid host permission: resource://pdf.js/
1551637548419	addons.webextension.screenshots@mozilla.org	WARN	Loading extension 'screenshots@mozilla.org': Reading manifest: Invalid host permission: about:reader*
1551637549014	Marionette	TRACE	Received observer notification profile-after-change
1551637549189	Marionette	TRACE	Received observer notification command-line-startup
1551637549190	Marionette	TRACE	Received observer notification nsPref:changed
1551637549190	Marionette	DEBUG	Init aborted (running=false, enabled=true, finalUIStartup=false)
1551637549514	Marionette	TRACE	Received observer notification toplevel-window-ready
1551637551853	Marionette	TRACE	Received observer notification sessionstore-windows-restored
1551637551854	Marionette	TRACE	Waiting until startup recorder finished recording startup scripts...
1551637552953	Marionette	TRACE	All scripts recorded.
1551637552954	Marionette	DEBUG	Setting recommended pref app.update.disabledForTesting to true
1551637552955	Marionette	DEBUG	Setting recommended pref browser.contentblocking.introCount to 99
1551637552958	Marionette	DEBUG	Setting recommended pref datareporting.policy.dataSubmissionPolicyAccepted to false
1551637552958	Marionette	DEBUG	Setting recommended pref dom.disable_beforeunload to true
1551637552959	Marionette	DEBUG	Setting recommended pref toolkit.cosmeticAnimations.enabled to false
1551637553126	Marionette	INFO	Listening on port 45489
1551637553127	Marionette	DEBUG	Remote service is active
1551637553214	Marionette	DEBUG	Accepted connection 0 from 127.0.0.1:48882
1551637553243	Marionette	DEBUG	0 -> [0,1,"newSession",{"acceptInsecureCerts":true,"browserName":"firefox","capabilities":{"desiredCapabilities":{"acceptInsecureCerts":true,"browserName":"firefox"}}}]
1551637553245	Marionette	DEBUG	0 <- [1,1,{"error":"unknown command","message":"newSession","stacktrace":"WebDriverError@chrome://marionette/content/error.js:179: ... et@chrome://marionette/content/server.js:236:8\n_onJSONObjectReady/<@chrome://marionette/content/transport.js:490:9\n"},null]
Exiting due to channel error.
Exiting due to channel error.
Exiting due to channel error.
1551638461459	geckodriver	INFO	geckodriver 0.19.1
1551638461472	geckodriver	INFO	Listening on 127.0.0.1:33581
1551638462749	mozrunner::runner	INFO	Running command: "/usr/bin/firefox" "-marionette" "-profile" "/tmp/rust_mozprofile.RaU2VEBADbCZ"
1551638464173	addons.webextension.screenshots@mozilla.org	WARN	Loading extension 'screenshots@mozilla.org': Reading manifest: Invalid host permission: resource://pdf.js/
1551638464174	addons.webextension.screenshots@mozilla.org	WARN	Loading extension 'screenshots@mozilla.org': Reading manifest: Invalid host permission: about:reader*
1551638464769	Marionette	TRACE	Received observer notification profile-after-change
1551638464940	Marionette	TRACE	Received observer notification command-line-startup
1551638464940	Marionette	TRACE	Received observer notification nsPref:changed
1551638464941	Marionette	DEBUG	Init aborted (running=false, enabled=true, finalUIStartup=false)

(firefox:21420): Gtk-WARNING **: Theme parsing error: <data>:1:34: Expected ')' in color definition

(firefox:21420): Gtk-WARNING **: Theme parsing error: <data>:1:77: Expected ')' in color definition
1551638465372	Marionette	TRACE	Received observer notification toplevel-window-ready
1551638467887	Marionette	TRACE	Received observer notification sessionstore-windows-restored
1551638467888	Marionette	TRACE	Waiting until startup recorder finished recording startup scripts...
1551638468686	Marionette	TRACE	All scripts recorded.
1551638468687	Marionette	DEBUG	Setting recommended pref app.update.disabledForTesting to true
1551638468688	Marionette	DEBUG	Setting recommended pref browser.contentblocking.introCount to 99
1551638468691	Marionette	DEBUG	Setting recommended pref datareporting.policy.dataSubmissionPolicyAccepted to false
1551638468691	Marionette	DEBUG	Setting recommended pref dom.disable_beforeunload to true
1551638468692	Marionette	DEBUG	Setting recommended pref toolkit.cosmeticAnimations.enabled to false
1551638468890	Marionette	INFO	Listening on port 37723
1551638468891	Marionette	DEBUG	Remote service is active
1551638469021	Marionette	DEBUG	Accepted connection 0 from 127.0.0.1:40356
1551638469030	Marionette	DEBUG	0 -> [0,1,"newSession",{"acceptInsecureCerts":true,"browserName":"firefox","capabilities":{"desiredCapabilities":{"acceptInsecureCerts":true,"browserName":"firefox"}}}]
1551638469032	Marionette	DEBUG	0 <- [1,1,{"error":"unknown command","message":"newSession","stacktrace":"WebDriverError@chrome://marionette/content/error.js:179: ... et@chrome://marionette/content/server.js:236:8\n_onJSONObjectReady/<@chrome://marionette/content/transport.js:490:9\n"},null]
[Child 21656, Chrome_ChildThread] WARNING: pipe error (3): Connection reset by peer: file /build/firefox-5TPFUC/firefox-65.0.1+build2/ipc/chromium/src/chrome/common/ipc_channel_posix.cc, line 349
Exiting due to channel error.
Exiting due to channel error.
Exiting due to channel error.
1551638481371	geckodriver	INFO	geckodriver 0.19.1
1551638481384	geckodriver	INFO	Listening on 127.0.0.1:41435
1551638482661	mozrunner::runner	INFO	Running command: "/usr/bin/firefox" "-marionette" "-profile" "/tmp/rust_mozprofile.BJMIjI0gd1Md"
1551638484113	addons.webextension.screenshots@mozilla.org	WARN	Loading extension 'screenshots@mozilla.org': Reading manifest: Invalid host permission: resource://pdf.js/
1551638484114	addons.webextension.screenshots@mozilla.org	WARN	Loading extension 'screenshots@mozilla.org': Reading manifest: Invalid host permission: about:reader*
1551638484708	Marionette	TRACE	Received observer notification profile-after-change
1551638484884	Marionette	TRACE	Received observer notification command-line-startup
1551638484884	Marionette	TRACE	Received observer notification nsPref:changed
1551638484885	Marionette	DEBUG	Init aborted (running=false, enabled=true, finalUIStartup=false)

(firefox:21942): Gtk-WARNING **: Theme parsing error: <data>:1:34: Expected ')' in color definition

(firefox:21942): Gtk-WARNING **: Theme parsing error: <data>:1:77: Expected ')' in color definition
1551638485310	Marionette	TRACE	Received observer notification toplevel-window-ready
1551638487878	Marionette	TRACE	Received observer notification sessionstore-windows-restored
1551638487878	Marionette	TRACE	Waiting until startup recorder finished recording startup scripts...
1551638488934	Marionette	TRACE	All scripts recorded.
1551638488936	Marionette	DEBUG	Setting recommended pref app.update.disabledForTesting to true
1551638488937	Marionette	DEBUG	Setting recommended pref browser.contentblocking.introCount to 99
1551638488940	Marionette	DEBUG	Setting recommended pref datareporting.policy.dataSubmissionPolicyAccepted to false
1551638488940	Marionette	DEBUG	Setting recommended pref dom.disable_beforeunload to true
1551638488941	Marionette	DEBUG	Setting recommended pref toolkit.cosmeticAnimations.enabled to false
1551638489124	Marionette	INFO	Listening on port 38275
1551638489125	Marionette	DEBUG	Remote service is active
1551638489310	Marionette	DEBUG	Accepted connection 0 from 127.0.0.1:46588
1551638489316	Marionette	DEBUG	0 -> [0,1,"newSession",{"acceptInsecureCerts":true,"browserName":"firefox","capabilities":{"desiredCapabilities":{"acceptInsecureCerts":true,"browserName":"firefox"}}}]
1551638489318	Marionette	DEBUG	0 <- [1,1,{"error":"unknown command","message":"newSession","stacktrace":"WebDriverError@chrome://marionette/content/error.js:179: ... et@chrome://marionette/content/server.js:236:8\n_onJSONObjectReady/<@chrome://marionette/content/transport.js:490:9\n"},null]
[Child 22172, Chrome_ChildThread] WARNING: pipe error (3): Connection reset by peer: file /build/firefox-5TPFUC/firefox-65.0.1+build2/ipc/chromium/src/chrome/common/ipc_channel_posix.cc, line 349
Exiting due to channel error.
Exiting due to channel error.
Exiting due to channel error.
1551638734978	geckodriver	INFO	geckodriver 0.19.1
1551638734991	geckodriver	INFO	Listening on 127.0.0.1:54441
1551638736274	mozrunner::runner	INFO	Running command: "/usr/bin/firefox" "-marionette" "-profile" "/tmp/rust_mozprofile.nbVHI5ifuXxJ"
1551638737807	addons.webextension.screenshots@mozilla.org	WARN	Loading extension 'screenshots@mozilla.org': Reading manifest: Invalid host permission: resource://pdf.js/
1551638737808	addons.webextension.screenshots@mozilla.org	WARN	Loading extension 'screenshots@mozilla.org': Reading manifest: Invalid host permission: about:reader*
1551638738393	Marionette	TRACE	Received observer notification profile-after-change
1551638738568	Marionette	TRACE	Received observer notification command-line-startup
1551638738569	Marionette	TRACE	Received observer notification nsPref:changed
1551638738569	Marionette	DEBUG	Init aborted (running=false, enabled=true, finalUIStartup=false)

(firefox:26030): Gtk-WARNING **: Theme parsing error: <data>:1:34: Expected ')' in color definition

(firefox:26030): Gtk-WARNING **: Theme parsing error: <data>:1:77: Expected ')' in color definition
1551638738990	Marionette	TRACE	Received observer notification toplevel-window-ready
1551638741517	Marionette	TRACE	Received observer notification sessionstore-windows-restored
1551638741517	Marionette	TRACE	Waiting until startup recorder finished recording startup scripts...
1551638742487	Marionette	TRACE	All scripts recorded.
1551638742489	Marionette	DEBUG	Setting recommended pref app.update.disabledForTesting to true
1551638742490	Marionette	DEBUG	Setting recommended pref browser.contentblocking.introCount to 99
1551638742494	Marionette	DEBUG	Setting recommended pref datareporting.policy.dataSubmissionPolicyAccepted to false
1551638742494	Marionette	DEBUG	Setting recommended pref dom.disable_beforeunload to true
1551638742495	Marionette	DEBUG	Setting recommended pref toolkit.cosmeticAnimations.enabled to false
1551638742680	Marionette	INFO	Listening on port 43751
1551638742681	Marionette	DEBUG	Remote service is active
1551638742823	Marionette	DEBUG	Accepted connection 0 from 127.0.0.1:40100
1551638742845	Marionette	DEBUG	0 -> [0,1,"newSession",{"acceptInsecureCerts":true,"browserName":"firefox","capabilities":{"desiredCapabilities":{"acceptInsecureCerts":true,"browserName":"firefox"}}}]
1551638742847	Marionette	DEBUG	0 <- [1,1,{"error":"unknown command","message":"newSession","stacktrace":"WebDriverError@chrome://marionette/content/error.js:179: ... et@chrome://marionette/content/server.js:236:8\n_onJSONObjectReady/<@chrome://marionette/content/transport.js:490:9\n"},null]
Exiting due to channel error.
Exiting due to channel error.
Exiting due to channel error.
1551639688756	geckodriver	INFO	geckodriver 0.19.1
1551639688769	geckodriver	INFO	Listening on 127.0.0.1:43213
1551639690047	mozrunner::runner	INFO	Running command: "/usr/bin/firefox" "-marionette" "-profile" "/tmp/rust_mozprofile.5I9kGgitYwZK"
1551639691491	addons.webextension.screenshots@mozilla.org	WARN	Loading extension 'screenshots@mozilla.org': Reading manifest: Invalid host permission: resource://pdf.js/
1551639691492	addons.webextension.screenshots@mozilla.org	WARN	Loading extension 'screenshots@mozilla.org': Reading manifest: Invalid host permission: about:reader*
1551639692074	Marionette	TRACE	Received observer notification profile-after-change
1551639692248	Marionette	TRACE	Received observer notification command-line-startup
1551639692248	Marionette	TRACE	Received observer notification nsPref:changed
1551639692249	Marionette	DEBUG	Init aborted (running=false, enabled=true, finalUIStartup=false)

(firefox:8772): Gtk-WARNING **: Theme parsing error: <data>:1:34: Expected ')' in color definition

(firefox:8772): Gtk-WARNING **: Theme parsing error: <data>:1:77: Expected ')' in color definition
1551639692674	Marionette	TRACE	Received observer notification toplevel-window-ready
1551639695378	Marionette	TRACE	Received observer notification sessionstore-windows-restored
1551639695378	Marionette	TRACE	Waiting until startup recorder finished recording startup scripts...
1551639695844	Marionette	TRACE	All scripts recorded.
1551639695855	Marionette	DEBUG	Setting recommended pref app.update.disabledForTesting to true
1551639695858	Marionette	DEBUG	Setting recommended pref browser.contentblocking.introCount to 99
1551639695862	Marionette	DEBUG	Setting recommended pref datareporting.policy.dataSubmissionPolicyAccepted to false
1551639695862	Marionette	DEBUG	Setting recommended pref dom.disable_beforeunload to true
1551639695863	Marionette	DEBUG	Setting recommended pref toolkit.cosmeticAnimations.enabled to false
1551639696042	Marionette	INFO	Listening on port 34921
1551639696043	Marionette	DEBUG	Remote service is active
1551639696198	Marionette	DEBUG	Accepted connection 0 from 127.0.0.1:46952
1551639696209	Marionette	DEBUG	0 -> [0,1,"newSession",{"acceptInsecureCerts":true,"browserName":"firefox","capabilities":{"desiredCapabilities":{"acceptInsecureCerts":true,"browserName":"firefox"}}}]
1551639696211	Marionette	DEBUG	0 <- [1,1,{"error":"unknown command","message":"newSession","stacktrace":"WebDriverError@chrome://marionette/content/error.js:179: ... et@chrome://marionette/content/server.js:236:8\n_onJSONObjectReady/<@chrome://marionette/content/transport.js:490:9\n"},null]
[Child 8990, Chrome_ChildThread] WARNING: pipe error (53): Connection reset by peer: file /build/firefox-5TPFUC/firefox-65.0.1+build2/ipc/chromium/src/chrome/common/ipc_channel_posix.cc, line 349
[Child 8990, Chrome_ChildThread] WARNING: pipe error (52): Connection reset by peer: file /build/firefox-5TPFUC/firefox-65.0.1+build2/ipc/chromium/src/chrome/common/ipc_channel_posix.cc, line 349
[Child 8990, Chrome_ChildThread] WARNING: pipe error (50): Connection reset by peer: file /build/firefox-5TPFUC/firefox-65.0.1+build2/ipc/chromium/src/chrome/common/ipc_channel_posix.cc, line 349
[Child 8990, Chrome_ChildThread] WARNING: pipe error (49): Connection reset by peer: file /build/firefox-5TPFUC/firefox-65.0.1+build2/ipc/chromium/src/chrome/common/ipc_channel_posix.cc, line 349
[Child 8990, Chrome_ChildThread] WARNING: pipe error (48): Connection reset by peer: file /build/firefox-5TPFUC/firefox-65.0.1+build2/ipc/chromium/src/chrome/common/ipc_channel_posix.cc, line 349
Exiting due to channel error.
[Child 8904, Chrome_ChildThread] WARNING: pipe error (3): Connection reset by peer: file /build/firefox-5TPFUC/firefox-65.0.1+build2/ipc/chromium/src/chrome/common/ipc_channel_posix.cc, line 349
[Child 8990, Chrome_ChildThread] WARNING: pipe error (30): Connection reset by peer: file /build/firefox-5TPFUC/firefox-65.0.1+build2/ipc/chromium/src/chrome/common/ipc_channel_posix.cc, line 349
Exiting due to channel error.
[Child 8990, Chrome_ChildThread] WARNING: pipe error (3): Connection reset by peer: file /build/firefox-5TPFUC/firefox-65.0.1+build2/ipc/chromium/src/chrome/common/ipc_channel_posix.cc, line 349
Exiting due to channel error.
1551639735419	geckodriver	INFO	geckodriver 0.19.1
1551639735432	geckodriver	INFO	Listening on 127.0.0.1:46455
1551639736709	mozrunner::runner	INFO	Running command: "/usr/bin/firefox" "-marionette" "-profile" "/tmp/rust_mozprofile.YlyUmFdRuXEp"
1551639738152	addons.webextension.screenshots@mozilla.org	WARN	Loading extension 'screenshots@mozilla.org': Reading manifest: Invalid host permission: resource://pdf.js/
1551639738152	addons.webextension.screenshots@mozilla.org	WARN	Loading extension 'screenshots@mozilla.org': Reading manifest: Invalid host permission: about:reader*
1551639738741	Marionette	TRACE	Received observer notification profile-after-change
1551639738928	Marionette	TRACE	Received observer notification command-line-startup
1551639738928	Marionette	TRACE	Received observer notification nsPref:changed
1551639738929	Marionette	DEBUG	Init aborted (running=false, enabled=true, finalUIStartup=false)

(firefox:9661): Gtk-WARNING **: Theme parsing error: <data>:1:34: Expected ')' in color definition

(firefox:9661): Gtk-WARNING **: Theme parsing error: <data>:1:77: Expected ')' in color definition
1551639739352	Marionette	TRACE	Received observer notification toplevel-window-ready
1551639741829	Marionette	TRACE	Received observer notification sessionstore-windows-restored
1551639741830	Marionette	TRACE	Waiting until startup recorder finished recording startup scripts...
1551639742770	Marionette	TRACE	All scripts recorded.
1551639742771	Marionette	DEBUG	Setting recommended pref app.update.disabledForTesting to true
1551639742771	Marionette	DEBUG	Setting recommended pref browser.contentblocking.introCount to 99
1551639742774	Marionette	DEBUG	Setting recommended pref datareporting.policy.dataSubmissionPolicyAccepted to false
1551639742774	Marionette	DEBUG	Setting recommended pref dom.disable_beforeunload to true
1551639742775	Marionette	DEBUG	Setting recommended pref toolkit.cosmeticAnimations.enabled to false
1551639742969	Marionette	INFO	Listening on port 35075
1551639742970	Marionette	DEBUG	Remote service is active
1551639743103	Marionette	DEBUG	Accepted connection 0 from 127.0.0.1:51326
1551639743270	Marionette	DEBUG	0 -> [0,1,"newSession",{"acceptInsecureCerts":true,"browserName":"firefox","capabilities":{"desiredCapabilities":{"acceptInsecureCerts":true,"browserName":"firefox"}}}]
1551639743272	Marionette	DEBUG	0 <- [1,1,{"error":"unknown command","message":"newSession","stacktrace":"WebDriverError@chrome://marionette/content/error.js:179: ... et@chrome://marionette/content/server.js:236:8\n_onJSONObjectReady/<@chrome://marionette/content/transport.js:490:9\n"},null]
Exiting due to channel error.
Exiting due to channel error.
Exiting due to channel error.
